0 info it worked if it ends with ok
1 verbose cli [ 'C:\\Program Files (x86)\\nodejs\\node.exe',
1 verbose cli   'C:\\Program Files (x86)\\nodejs\\node_modules\\npm\\bin\\npm-cli.js',
1 verbose cli   'install',
1 verbose cli   'express',
1 verbose cli   'monogoose',
1 verbose cli   'body-parser',
1 verbose cli   '--save' ]
2 info using npm@3.10.10
3 info using node@v6.11.3
4 silly loadCurrentTree Starting
5 silly install loadCurrentTree
6 silly install readLocalPackageData
7 silly fetchPackageMetaData express
8 silly fetchPackageMetaData monogoose
9 silly fetchPackageMetaData body-parser
10 silly fetchNamedPackageData express
11 silly mapToRegistry name express
12 silly mapToRegistry using default registry
13 silly mapToRegistry registry https://registry.npmjs.org/
14 silly mapToRegistry data Result {
14 silly mapToRegistry   raw: 'express',
14 silly mapToRegistry   scope: null,
14 silly mapToRegistry   escapedName: 'express',
14 silly mapToRegistry   name: 'express',
14 silly mapToRegistry   rawSpec: '',
14 silly mapToRegistry   spec: 'latest',
14 silly mapToRegistry   type: 'tag' }
15 silly mapToRegistry uri https://registry.npmjs.org/express
16 silly fetchNamedPackageData monogoose
17 silly mapToRegistry name monogoose
18 silly mapToRegistry using default registry
19 silly mapToRegistry registry https://registry.npmjs.org/
20 silly mapToRegistry data Result {
20 silly mapToRegistry   raw: 'monogoose',
20 silly mapToRegistry   scope: null,
20 silly mapToRegistry   escapedName: 'monogoose',
20 silly mapToRegistry   name: 'monogoose',
20 silly mapToRegistry   rawSpec: '',
20 silly mapToRegistry   spec: 'latest',
20 silly mapToRegistry   type: 'tag' }
21 silly mapToRegistry uri https://registry.npmjs.org/monogoose
22 silly fetchNamedPackageData body-parser
23 silly mapToRegistry name body-parser
24 silly mapToRegistry using default registry
25 silly mapToRegistry registry https://registry.npmjs.org/
26 silly mapToRegistry data Result {
26 silly mapToRegistry   raw: 'body-parser',
26 silly mapToRegistry   scope: null,
26 silly mapToRegistry   escapedName: 'body-parser',
26 silly mapToRegistry   name: 'body-parser',
26 silly mapToRegistry   rawSpec: '',
26 silly mapToRegistry   spec: 'latest',
26 silly mapToRegistry   type: 'tag' }
27 silly mapToRegistry uri https://registry.npmjs.org/body-parser
28 verbose request uri https://registry.npmjs.org/monogoose
29 verbose request no auth needed
30 info attempt registry request try #1 at 3:39:51 PM
31 verbose request id 8555dbbdda59a815
32 http request GET https://registry.npmjs.org/monogoose
33 verbose request uri https://registry.npmjs.org/body-parser
34 verbose request no auth needed
35 info attempt registry request try #1 at 3:39:51 PM
36 verbose etag "5a33a43b-23414"
37 verbose lastModified Fri, 15 Dec 2017 10:30:19 GMT
38 http request GET https://registry.npmjs.org/body-parser
39 verbose request uri https://registry.npmjs.org/express
40 verbose request no auth needed
41 info attempt registry request try #1 at 3:39:51 PM
42 verbose etag "5a320773-938b3"
43 verbose lastModified Thu, 14 Dec 2017 5:09:07 GMT
44 http request GET https://registry.npmjs.org/express
45 http 200 https://registry.npmjs.org/body-parser
46 verbose headers { 'content-type': 'application/json; charset=UTF-8',
46 verbose headers   server: 'UploadServer',
46 verbose headers   'cache-control': 'max-age=300',
46 verbose headers   'last-modified': 'Tue, 26 Dec 2017 22:35:10 GMT',
46 verbose headers   etag: '"5a42ce9e-234b8"',
46 verbose headers   'content-encoding': 'gzip',
46 verbose headers   'content-length': '16901',
46 verbose headers   'accept-ranges': 'bytes',
46 verbose headers   date: 'Tue, 26 Dec 2017 22:44:09 GMT',
46 verbose headers   via: '1.1 varnish',
46 verbose headers   age: '415',
46 verbose headers   connection: 'keep-alive',
46 verbose headers   'x-served-by': 'cache-pdk17829-PDK',
46 verbose headers   'x-cache': 'HIT',
46 verbose headers   'x-cache-hits': '1',
46 verbose headers   'x-timer': 'S1514328249.119970,VS0,VE1',
46 verbose headers   vary: 'Accept-Encoding, Accept' }
47 silly get cb [ 200,
47 silly get   { 'content-type': 'application/json; charset=UTF-8',
47 silly get     server: 'UploadServer',
47 silly get     'cache-control': 'max-age=300',
47 silly get     'last-modified': 'Tue, 26 Dec 2017 22:35:10 GMT',
47 silly get     etag: '"5a42ce9e-234b8"',
47 silly get     'content-encoding': 'gzip',
47 silly get     'content-length': '16901',
47 silly get     'accept-ranges': 'bytes',
47 silly get     date: 'Tue, 26 Dec 2017 22:44:09 GMT',
47 silly get     via: '1.1 varnish',
47 silly get     age: '415',
47 silly get     connection: 'keep-alive',
47 silly get     'x-served-by': 'cache-pdk17829-PDK',
47 silly get     'x-cache': 'HIT',
47 silly get     'x-cache-hits': '1',
47 silly get     'x-timer': 'S1514328249.119970,VS0,VE1',
47 silly get     vary: 'Accept-Encoding, Accept' } ]
48 verbose get saving body-parser to C:\Users\Rebecca\AppData\Roaming\npm-cache\registry.npmjs.org\body-parser\.cache.json
49 verbose correctMkdir C:\Users\Rebecca\AppData\Roaming\npm-cache correctMkdir not in flight; initializing
50 http 200 https://registry.npmjs.org/express
51 verbose headers { 'content-type': 'application/json; charset=UTF-8',
51 verbose headers   server: 'UploadServer',
51 verbose headers   'cache-control': 'max-age=300',
51 verbose headers   'last-modified': 'Tue, 26 Dec 2017 22:35:20 GMT',
51 verbose headers   etag: '"5a42cea8-939cb"',
51 verbose headers   'content-encoding': 'gzip',
51 verbose headers   'content-length': '47823',
51 verbose headers   'accept-ranges': 'bytes',
51 verbose headers   date: 'Tue, 26 Dec 2017 22:44:09 GMT',
51 verbose headers   via: '1.1 varnish',
51 verbose headers   age: '422',
51 verbose headers   connection: 'keep-alive',
51 verbose headers   'x-served-by': 'cache-pdk17832-PDK',
51 verbose headers   'x-cache': 'HIT',
51 verbose headers   'x-cache-hits': '1',
51 verbose headers   'x-timer': 'S1514328249.193989,VS0,VE2',
51 verbose headers   vary: 'Accept-Encoding, Accept' }
52 silly get cb [ 200,
52 silly get   { 'content-type': 'application/json; charset=UTF-8',
52 silly get     server: 'UploadServer',
52 silly get     'cache-control': 'max-age=300',
52 silly get     'last-modified': 'Tue, 26 Dec 2017 22:35:20 GMT',
52 silly get     etag: '"5a42cea8-939cb"',
52 silly get     'content-encoding': 'gzip',
52 silly get     'content-length': '47823',
52 silly get     'accept-ranges': 'bytes',
52 silly get     date: 'Tue, 26 Dec 2017 22:44:09 GMT',
52 silly get     via: '1.1 varnish',
52 silly get     age: '422',
52 silly get     connection: 'keep-alive',
52 silly get     'x-served-by': 'cache-pdk17832-PDK',
52 silly get     'x-cache': 'HIT',
52 silly get     'x-cache-hits': '1',
52 silly get     'x-timer': 'S1514328249.193989,VS0,VE2',
52 silly get     vary: 'Accept-Encoding, Accept' } ]
53 verbose get saving express to C:\Users\Rebecca\AppData\Roaming\npm-cache\registry.npmjs.org\express\.cache.json
54 verbose correctMkdir C:\Users\Rebecca\AppData\Roaming\npm-cache correctMkdir not in flight; initializing
55 http 404 https://registry.npmjs.org/monogoose
56 verbose headers { 'content-type': 'application/json',
56 verbose headers   'cache-control': 'max-age=0',
56 verbose headers   'content-length': '2',
56 verbose headers   'accept-ranges': 'bytes',
56 verbose headers   date: 'Tue, 26 Dec 2017 22:44:09 GMT',
56 verbose headers   via: '1.1 varnish',
56 verbose headers   connection: 'keep-alive',
56 verbose headers   'x-served-by': 'cache-pdk17838-PDK',
56 verbose headers   'x-cache': 'MISS',
56 verbose headers   'x-cache-hits': '0',
56 verbose headers   'x-timer': 'S1514328249.118284,VS0,VE525',
56 verbose headers   vary: 'Accept-Encoding' }
57 silly get cb [ 404,
57 silly get   { 'content-type': 'application/json',
57 silly get     'cache-control': 'max-age=0',
57 silly get     'content-length': '2',
57 silly get     'accept-ranges': 'bytes',
57 silly get     date: 'Tue, 26 Dec 2017 22:44:09 GMT',
57 silly get     via: '1.1 varnish',
57 silly get     connection: 'keep-alive',
57 silly get     'x-served-by': 'cache-pdk17838-PDK',
57 silly get     'x-cache': 'MISS',
57 silly get     'x-cache-hits': '0',
57 silly get     'x-timer': 'S1514328249.118284,VS0,VE525',
57 silly get     vary: 'Accept-Encoding' } ]
58 silly fetchPackageMetaData Error: Registry returned 404 for GET on https://registry.npmjs.org/monogoose
58 silly fetchPackageMetaData     at makeError (C:\Program Files (x86)\nodejs\node_modules\npm\node_modules\npm-registry-client\lib\request.js:302:12)
58 silly fetchPackageMetaData     at CachingRegistryClient.<anonymous> (C:\Program Files (x86)\nodejs\node_modules\npm\node_modules\npm-registry-client\lib\request.js:280:14)
58 silly fetchPackageMetaData     at Request._callback (C:\Program Files (x86)\nodejs\node_modules\npm\node_modules\npm-registry-client\lib\request.js:210:14)
58 silly fetchPackageMetaData     at Request.self.callback (C:\Program Files (x86)\nodejs\node_modules\npm\node_modules\request\request.js:187:22)
58 silly fetchPackageMetaData     at emitTwo (events.js:106:13)
58 silly fetchPackageMetaData     at Request.emit (events.js:191:7)
58 silly fetchPackageMetaData     at Request.<anonymous> (C:\Program Files (x86)\nodejs\node_modules\npm\node_modules\request\request.js:1048:10)
58 silly fetchPackageMetaData     at emitOne (events.js:96:13)
58 silly fetchPackageMetaData     at Request.emit (events.js:188:7)
58 silly fetchPackageMetaData     at IncomingMessage.<anonymous> (C:\Program Files (x86)\nodejs\node_modules\npm\node_modules\request\request.js:969:12)
58 silly fetchPackageMetaData  error for monogoose { Error: Registry returned 404 for GET on https://registry.npmjs.org/monogoose
58 silly fetchPackageMetaData     at makeError (C:\Program Files (x86)\nodejs\node_modules\npm\node_modules\npm-registry-client\lib\request.js:302:12)
58 silly fetchPackageMetaData     at CachingRegistryClient.<anonymous> (C:\Program Files (x86)\nodejs\node_modules\npm\node_modules\npm-registry-client\lib\request.js:280:14)
58 silly fetchPackageMetaData     at Request._callback (C:\Program Files (x86)\nodejs\node_modules\npm\node_modules\npm-registry-client\lib\request.js:210:14)
58 silly fetchPackageMetaData     at Request.self.callback (C:\Program Files (x86)\nodejs\node_modules\npm\node_modules\request\request.js:187:22)
58 silly fetchPackageMetaData     at emitTwo (events.js:106:13)
58 silly fetchPackageMetaData     at Request.emit (events.js:191:7)
58 silly fetchPackageMetaData     at Request.<anonymous> (C:\Program Files (x86)\nodejs\node_modules\npm\node_modules\request\request.js:1048:10)
58 silly fetchPackageMetaData     at emitOne (events.js:96:13)
58 silly fetchPackageMetaData     at Request.emit (events.js:188:7)
58 silly fetchPackageMetaData     at IncomingMessage.<anonymous> (C:\Program Files (x86)\nodejs\node_modules\npm\node_modules\request\request.js:969:12) pkgid: 'monogoose', statusCode: 404, code: 'E404' }
59 silly rollbackFailedOptional Starting
60 silly rollbackFailedOptional Finishing
61 silly runTopLevelLifecycles Finishing
62 silly install printInstalled
63 verbose stack Error: Registry returned 404 for GET on https://registry.npmjs.org/monogoose
63 verbose stack     at makeError (C:\Program Files (x86)\nodejs\node_modules\npm\node_modules\npm-registry-client\lib\request.js:302:12)
63 verbose stack     at CachingRegistryClient.<anonymous> (C:\Program Files (x86)\nodejs\node_modules\npm\node_modules\npm-registry-client\lib\request.js:280:14)
63 verbose stack     at Request._callback (C:\Program Files (x86)\nodejs\node_modules\npm\node_modules\npm-registry-client\lib\request.js:210:14)
63 verbose stack     at Request.self.callback (C:\Program Files (x86)\nodejs\node_modules\npm\node_modules\request\request.js:187:22)
63 verbose stack     at emitTwo (events.js:106:13)
63 verbose stack     at Request.emit (events.js:191:7)
63 verbose stack     at Request.<anonymous> (C:\Program Files (x86)\nodejs\node_modules\npm\node_modules\request\request.js:1048:10)
63 verbose stack     at emitOne (events.js:96:13)
63 verbose stack     at Request.emit (events.js:188:7)
63 verbose stack     at IncomingMessage.<anonymous> (C:\Program Files (x86)\nodejs\node_modules\npm\node_modules\request\request.js:969:12)
64 verbose statusCode 404
65 verbose pkgid monogoose
66 verbose cwd C:\Users\Rebecca\Documents\BlogApp
67 error Windows_NT 10.0.16299
68 error argv "C:\\Program Files (x86)\\nodejs\\node.exe" "C:\\Program Files (x86)\\nodejs\\node_modules\\npm\\bin\\npm-cli.js" "install" "express" "monogoose" "body-parser" "--save"
69 error node v6.11.3
70 error npm  v3.10.10
71 error code E404
72 error 404 Registry returned 404 for GET on https://registry.npmjs.org/monogoose
73 error 404
74 error 404 'monogoose' is not in the npm registry.
75 error 404 You should bug the author to publish it (or use the name yourself!)
76 error 404 Note that you can also install from a
77 error 404 tarball, folder, http url, or git url.
78 verbose exit [ 1, true ]
